<?xml version="1.0" encoding="UTF-8"?>
<!-- Generated by org.testng.reporters.JUnitReportReporter -->
<testsuite hostname="DESKTOP-72BROTF" failures="0" tests="2" name="testpackage.testclass" time="7.030" errors="0" timestamp="2024-03-19T14:53:41 IST" skipped="0">
  <testcase classname="testpackage.testclass" name="logintest" time="3.238"/>
  <system-out/>
  <testcase classname="testpackage.testclass" name="emp_test" time="3.792"/>
  <system-out/>
</testsuite> <!-- testpackage.testclass -->
